<?xml version="1.0" encoding="UTF-8"?>
<!-- Generated by org.testng.reporters.JUnitReportReporter -->
<testsuite skipped="0" hostname="Nalini-Laptop" name="TestNG.crossbrowsertesting1" tests="1" failures="0" timestamp="08 May 2019 02:18:14 GMT" time="3.940" errors="0">
  <testcase name="f" time="3.940" classname="TestNG.crossbrowsertesting1"/>
</testsuite> <!-- TestNG.crossbrowsertesting1 -->
